2023-02-04 11:07:04,850 [Worker-2: Loading available Gradle versions] INFO  o.e.b.c.i.u.g.PublishedGradleVersions - Gradle version information cache is up-to-date. Trying to read.
2023-02-04 11:10:11,300 [Worker-1: Import Getting Started Content] INFO  o.e.m.c.i.l.LifecycleMappingFactory - Using org.eclipse.m2e.jdt.JarLifecycleMapping lifecycle mapping for MavenProject: org.foodapp:FoodApp:1.0 @ C:\Users\Soumyadipta\Desktop\Food App\FoodApp\pom.xml.
2023-02-04 11:10:14,759 [Worker-1: Import Getting Started Content] INFO  o.e.m.j.i.AbstractJavaProjectConfigurator - Adding source folder /FoodApp/src/main/java
2023-02-04 11:10:14,761 [Worker-1: Import Getting Started Content] INFO  o.e.m.j.i.AbstractJavaProjectConfigurator - Adding resource folder /FoodApp/src/main/resources
2023-02-04 11:10:14,770 [Worker-1: Import Getting Started Content] INFO  o.e.m.j.i.AbstractJavaProjectConfigurator - Adding resource folder /FoodApp/src/main/resources
2023-02-04 11:10:14,778 [Worker-1: Import Getting Started Content] INFO  o.e.m.j.i.AbstractJavaProjectConfigurator - Adding source folder /FoodApp/src/test/java
2023-02-04 11:10:19,363 [Worker-1: Import Getting Started Content] INFO  o.e.m.c.i.p.ProjectConfigurationManager - Imported and configured 1 project(s) in 11 sec
2023-02-04 11:10:19,370 [Worker-1: Import Getting Started Content] INFO  o.e.m.c.i.p.ProjectConfigurationManager - Update started
2023-02-04 11:10:19,719 [Worker-1: Import Getting Started Content] INFO  o.e.m.c.i.l.LifecycleMappingFactory - Using org.eclipse.m2e.jdt.JarLifecycleMapping lifecycle mapping for MavenProject: org.foodapp:FoodApp:1.0 @ C:\Users\Soumyadipta\Desktop\Food App\FoodApp\pom.xml.
2023-02-04 11:10:20,346 [Worker-1: Import Getting Started Content] INFO  o.e.m.j.i.AbstractJavaProjectConfigurator - Adding source folder /FoodApp/src/main/java
2023-02-04 11:10:20,346 [Worker-1: Import Getting Started Content] INFO  o.e.m.j.i.AbstractJavaProjectConfigurator - Adding resource folder /FoodApp/src/main/resources
2023-02-04 11:10:20,347 [Worker-1: Import Getting Started Content] INFO  o.e.m.j.i.AbstractJavaProjectConfigurator - Adding resource folder /FoodApp/src/main/resources
2023-02-04 11:10:20,348 [Worker-1: Import Getting Started Content] INFO  o.e.m.j.i.AbstractJavaProjectConfigurator - Adding source folder /FoodApp/src/test/java
2023-02-04 11:10:20,959 [Worker-1: Import Getting Started Content] INFO  o.e.m.c.i.p.ProjectConfigurationManager - Update completed for 1 poms: local refresh takes 0.00 sec, refresh facades takes 0.00 sec, update config takes 0.00 sec 
2023-02-04 11:14:08,291 [Worker-2: Building] INFO  o.e.m.c.i.l.LifecycleMappingFactory - Using org.eclipse.m2e.jdt.JarLifecycleMapping lifecycle mapping for MavenProject: org.foodapp:FoodApp:1.0 @ C:\Users\Soumyadipta\Desktop\Food App\FoodApp\pom.xml.
2023-02-04 11:14:09,468 [Worker-2: Building] INFO  o.a.m.s.f.DefaultMavenResourcesFiltering - Copying 0 resource
2023-02-04 11:14:09,469 [Worker-2: Building] INFO  o.a.m.s.f.DefaultMavenResourcesFiltering - Copying 0 resource
2023-02-04 11:14:09,474 [Worker-2: Building] INFO  o.a.m.s.f.DefaultMavenResourcesFiltering - skip non existing resourceDirectory C:\Users\Soumyadipta\Desktop\Food App\FoodApp\src\test\resources
2023-02-04 11:14:10,760 [Worker-13: Building] INFO  o.a.m.s.f.DefaultMavenResourcesFiltering - Copying 1 resource
2023-02-04 11:14:10,791 [Worker-13: Building] INFO  o.a.m.s.f.DefaultMavenResourcesFiltering - Copying 0 resource
2023-02-04 11:14:10,798 [Worker-13: Building] INFO  o.a.m.s.f.DefaultMavenResourcesFiltering - skip non existing resourceDirectory C:\Users\Soumyadipta\Desktop\Food App\FoodApp\src\test\resources
2023-02-04 11:14:11,507 [Worker-2: Download sources and javadoc] INFO  o.e.m.c.i.e.AbstractTransferListenerAdapter - Downloading https://repo.maven.apache.org/maven2/javax/servlet/jstl/1.1.2/jstl-1.1.2-sources.jar
2023-02-04 11:14:11,821 [Worker-2: Download sources and javadoc] INFO  o.e.m.c.i.e.AbstractTransferListenerAdapter - Downloaded https://repo.maven.apache.org/maven2/javax/servlet/jstl/1.1.2/jstl-1.1.2-sources.jar
2023-02-04 11:14:11,832 [Worker-2: Download sources and javadoc] INFO  o.e.m.j.internal.DownloadSourcesJob - Downloaded sources for javax.servlet:jstl:1.1.2
2023-02-04 11:14:12,552 [Worker-2: Building] INFO  o.a.m.s.f.DefaultMavenResourcesFiltering - Copying 0 resource
2023-02-04 11:14:12,552 [Worker-2: Building] INFO  o.a.m.s.f.DefaultMavenResourcesFiltering - Copying 0 resource
2023-02-04 11:14:12,556 [Worker-2: Building] INFO  o.a.m.s.f.DefaultMavenResourcesFiltering - skip non existing resourceDirectory C:\Users\Soumyadipta\Desktop\Food App\FoodApp\src\test\resources
2023-02-04 11:14:18,707 [Worker-3: Updating Maven Project] INFO  o.e.m.c.i.p.ProjectConfigurationManager - Update started
2023-02-04 11:14:19,099 [Worker-3: Updating Maven Project] INFO  o.e.m.c.i.l.LifecycleMappingFactory - Using org.eclipse.m2e.jdt.JarLifecycleMapping lifecycle mapping for MavenProject: org.foodapp:FoodApp:1.0 @ C:\Users\Soumyadipta\Desktop\Food App\FoodApp\pom.xml.
2023-02-04 11:14:19,802 [Worker-3: Updating Maven Project] INFO  o.e.m.j.i.AbstractJavaProjectConfigurator - Adding source folder /FoodApp/src/main/java
2023-02-04 11:14:19,803 [Worker-3: Updating Maven Project] INFO  o.e.m.j.i.AbstractJavaProjectConfigurator - Adding resource folder /FoodApp/src/main/resources
2023-02-04 11:14:19,804 [Worker-3: Updating Maven Project] INFO  o.e.m.j.i.AbstractJavaProjectConfigurator - Adding resource folder /FoodApp/src/main/resources
2023-02-04 11:14:19,805 [Worker-3: Updating Maven Project] INFO  o.e.m.j.i.AbstractJavaProjectConfigurator - Adding source folder /FoodApp/src/test/java
2023-02-04 11:14:20,446 [Worker-3: Updating Maven Project] INFO  o.e.m.c.i.p.ProjectConfigurationManager - Update completed for 1 poms: local refresh takes 0.00 sec, refresh facades takes 1.00 sec, update config takes 0.00 sec 
2023-02-04 11:14:29,654 [Worker-13: Building] INFO  o.e.m.c.i.l.LifecycleMappingFactory - Using org.eclipse.m2e.jdt.JarLifecycleMapping lifecycle mapping for MavenProject: org.foodapp:FoodApp:1.0 @ C:\Users\Soumyadipta\Desktop\Food App\FoodApp\pom.xml.
2023-02-04 11:14:30,495 [Worker-13: Building] INFO  o.a.m.s.f.DefaultMavenResourcesFiltering - Copying 0 resource
2023-02-04 11:14:30,496 [Worker-13: Building] INFO  o.a.m.s.f.DefaultMavenResourcesFiltering - Copying 0 resource
2023-02-04 11:14:30,508 [Worker-13: Building] INFO  o.a.m.s.f.DefaultMavenResourcesFiltering - skip non existing resourceDirectory C:\Users\Soumyadipta\Desktop\Food App\FoodApp\src\test\resources
2023-02-04 11:15:01,839 [Worker-14: Building] INFO  o.e.m.c.i.l.LifecycleMappingFactory - Using org.eclipse.m2e.jdt.JarLifecycleMapping lifecycle mapping for MavenProject: org.foodapp:FoodApp:1.0 @ C:\Users\Soumyadipta\Desktop\Food App\FoodApp\pom.xml.
2023-02-04 11:15:02,585 [Worker-14: Building] INFO  o.a.m.s.f.DefaultMavenResourcesFiltering - Copying 0 resource
2023-02-04 11:15:02,586 [Worker-14: Building] INFO  o.a.m.s.f.DefaultMavenResourcesFiltering - Copying 0 resource
2023-02-04 11:15:02,590 [Worker-14: Building] INFO  o.a.m.s.f.DefaultMavenResourcesFiltering - skip non existing resourceDirectory C:\Users\Soumyadipta\Desktop\Food App\FoodApp\src\test\resources
2023-02-04 11:15:03,789 [Worker-14: Building] INFO  o.a.m.s.f.DefaultMavenResourcesFiltering - Copying 1 resource
2023-02-04 11:15:03,816 [Worker-14: Building] INFO  o.a.m.s.f.DefaultMavenResourcesFiltering - Copying 0 resource
2023-02-04 11:15:03,821 [Worker-14: Building] INFO  o.a.m.s.f.DefaultMavenResourcesFiltering - skip non existing resourceDirectory C:\Users\Soumyadipta\Desktop\Food App\FoodApp\src\test\resources
2023-02-04 11:15:11,228 [Worker-3: Updating Maven Project] INFO  o.e.m.c.i.p.ProjectConfigurationManager - Update started
2023-02-04 11:15:11,583 [Worker-3: Updating Maven Project] INFO  o.e.m.c.i.l.LifecycleMappingFactory - Using org.eclipse.m2e.jdt.JarLifecycleMapping lifecycle mapping for MavenProject: org.foodapp:FoodApp:1.0 @ C:\Users\Soumyadipta\Desktop\Food App\FoodApp\pom.xml.
2023-02-04 11:15:12,217 [Worker-3: Updating Maven Project] INFO  o.e.m.j.i.AbstractJavaProjectConfigurator - Adding source folder /FoodApp/src/main/java
2023-02-04 11:15:12,218 [Worker-3: Updating Maven Project] INFO  o.e.m.j.i.AbstractJavaProjectConfigurator - Adding resource folder /FoodApp/src/main/resources
2023-02-04 11:15:12,219 [Worker-3: Updating Maven Project] INFO  o.e.m.j.i.AbstractJavaProjectConfigurator - Adding resource folder /FoodApp/src/main/resources
2023-02-04 11:15:12,220 [Worker-3: Updating Maven Project] INFO  o.e.m.j.i.AbstractJavaProjectConfigurator - Adding source folder /FoodApp/src/test/java
2023-02-04 11:15:12,783 [Worker-3: Updating Maven Project] INFO  o.e.m.c.i.p.ProjectConfigurationManager - Update completed for 1 poms: local refresh takes 0.00 sec, refresh facades takes 0.00 sec, update config takes 0.00 sec 
2023-02-04 11:28:02,263 [Worker-23: Launching Executing clean in C__Users_Soumyadipta_Desktop_Food App_FoodApp] INFO  o.eclipse.m2e.core.internal.Bundles - getClasspathEntries(Bundle=org.eclipse.m2e.maven.runtime_3.8.604.20221130-2149 [345])
2023-02-04 11:28:02,288 [Worker-23: Launching Executing clean in C__Users_Soumyadipta_Desktop_Food App_FoodApp] INFO  o.eclipse.m2e.core.internal.Bundles - 	Entry: C:\sts-4.17.1.RELEASE\plugins\org.eclipse.m2e.maven.runtime_3.8.604.20221130-2149
2023-02-04 11:28:02,289 [Worker-23: Launching Executing clean in C__Users_Soumyadipta_Desktop_Food App_FoodApp] INFO  o.eclipse.m2e.core.internal.Bundles - 	Entry: C:\sts-4.17.1.RELEASE\plugins\org.eclipse.m2e.maven.runtime_3.8.604.20221130-2149\jars\aether-connector-okhttp-0.17.8.jar
2023-02-04 11:28:02,290 [Worker-23: Launching Executing clean in C__Users_Soumyadipta_Desktop_Food App_FoodApp] INFO  o.eclipse.m2e.core.internal.Bundles - 	Entry: C:\sts-4.17.1.RELEASE\plugins\org.eclipse.m2e.maven.runtime_3.8.604.20221130-2149\jars\commons-cli-1.4.jar
2023-02-04 11:28:02,291 [Worker-23: Launching Executing clean in C__Users_Soumyadipta_Desktop_Food App_FoodApp] INFO  o.eclipse.m2e.core.internal.Bundles - 	Entry: C:\sts-4.17.1.RELEASE\plugins\org.eclipse.m2e.maven.runtime_3.8.604.20221130-2149\jars\commons-io-2.6.jar
2023-02-04 11:28:02,291 [Worker-23: Launching Executing clean in C__Users_Soumyadipta_Desktop_Food App_FoodApp] INFO  o.eclipse.m2e.core.internal.Bundles - 	Entry: C:\sts-4.17.1.RELEASE\plugins\org.eclipse.m2e.maven.runtime_3.8.604.20221130-2149\jars\commons-lang3-3.8.1.jar
2023-02-04 11:28:02,293 [Worker-23: Launching Executing clean in C__Users_Soumyadipta_Desktop_Food App_FoodApp] INFO  o.eclipse.m2e.core.internal.Bundles - 	Entry: C:\sts-4.17.1.RELEASE\plugins\org.eclipse.m2e.maven.runtime_3.8.604.20221130-2149\jars\guice-4.2.2-no_aop.jar
2023-02-04 11:28:02,293 [Worker-23: Launching Executing clean in C__Users_Soumyadipta_Desktop_Food App_FoodApp] INFO  o.eclipse.m2e.core.internal.Bundles - 	Entry: C:\sts-4.17.1.RELEASE\plugins\org.eclipse.m2e.maven.runtime_3.8.604.20221130-2149\jars\jansi-2.4.0.jar
2023-02-04 11:28:02,293 [Worker-23: Launching Executing clean in C__Users_Soumyadipta_Desktop_Food App_FoodApp] INFO  o.eclipse.m2e.core.internal.Bundles - 	Entry: C:\sts-4.17.1.RELEASE\plugins\org.eclipse.m2e.maven.runtime_3.8.604.20221130-2149\jars\maven-artifact-3.8.6.jar
2023-02-04 11:28:02,294 [Worker-23: Launching Executing clean in C__Users_Soumyadipta_Desktop_Food App_FoodApp] INFO  o.eclipse.m2e.core.internal.Bundles - 	Entry: C:\sts-4.17.1.RELEASE\plugins\org.eclipse.m2e.maven.runtime_3.8.604.20221130-2149\jars\maven-builder-support-3.8.6.jar
2023-02-04 11:28:02,294 [Worker-23: Launching Executing clean in C__Users_Soumyadipta_Desktop_Food App_FoodApp] INFO  o.eclipse.m2e.core.internal.Bundles - 	Entry: C:\sts-4.17.1.RELEASE\plugins\org.eclipse.m2e.maven.runtime_3.8.604.20221130-2149\jars\maven-compat-3.8.6.jar
2023-02-04 11:28:02,295 [Worker-23: Launching Executing clean in C__Users_Soumyadipta_Desktop_Food App_FoodApp] INFO  o.eclipse.m2e.core.internal.Bundles - 	Entry: C:\sts-4.17.1.RELEASE\plugins\org.eclipse.m2e.maven.runtime_3.8.604.20221130-2149\jars\maven-core-3.8.6.jar
2023-02-04 11:28:02,295 [Worker-23: Launching Executing clean in C__Users_Soumyadipta_Desktop_Food App_FoodApp] INFO  o.eclipse.m2e.core.internal.Bundles - 	Entry: C:\sts-4.17.1.RELEASE\plugins\org.eclipse.m2e.maven.runtime_3.8.604.20221130-2149\jars\maven-embedder-3.8.6.jar
2023-02-04 11:28:02,296 [Worker-23: Launching Executing clean in C__Users_Soumyadipta_Desktop_Food App_FoodApp] INFO  o.eclipse.m2e.core.internal.Bundles - 	Entry: C:\sts-4.17.1.RELEASE\plugins\org.eclipse.m2e.maven.runtime_3.8.604.20221130-2149\jars\maven-model-3.8.6.jar
2023-02-04 11:28:02,296 [Worker-23: Launching Executing clean in C__Users_Soumyadipta_Desktop_Food App_FoodApp] INFO  o.eclipse.m2e.core.internal.Bundles - 	Entry: C:\sts-4.17.1.RELEASE\plugins\org.eclipse.m2e.maven.runtime_3.8.604.20221130-2149\jars\maven-model-builder-3.8.6.jar
2023-02-04 11:28:02,297 [Worker-23: Launching Executing clean in C__Users_Soumyadipta_Desktop_Food App_FoodApp] INFO  o.eclipse.m2e.core.internal.Bundles - 	Entry: C:\sts-4.17.1.RELEASE\plugins\org.eclipse.m2e.maven.runtime_3.8.604.20221130-2149\jars\maven-plugin-api-3.8.6.jar
2023-02-04 11:28:02,297 [Worker-23: Launching Executing clean in C__Users_Soumyadipta_Desktop_Food App_FoodApp] INFO  o.eclipse.m2e.core.internal.Bundles - 	Entry: C:\sts-4.17.1.RELEASE\plugins\org.eclipse.m2e.maven.runtime_3.8.604.20221130-2149\jars\maven-repository-metadata-3.8.6.jar
2023-02-04 11:28:02,298 [Worker-23: Launching Executing clean in C__Users_Soumyadipta_Desktop_Food App_FoodApp] INFO  o.eclipse.m2e.core.internal.Bundles - 	Entry: C:\sts-4.17.1.RELEASE\plugins\org.eclipse.m2e.maven.runtime_3.8.604.20221130-2149\jars\maven-resolver-api-1.6.3.jar
2023-02-04 11:28:02,298 [Worker-23: Launching Executing clean in C__Users_Soumyadipta_Desktop_Food App_FoodApp] INFO  o.eclipse.m2e.core.internal.Bundles - 	Entry: C:\sts-4.17.1.RELEASE\plugins\org.eclipse.m2e.maven.runtime_3.8.604.20221130-2149\jars\maven-resolver-connector-basic-1.6.3.jar
2023-02-04 11:28:02,298 [Worker-23: Launching Executing clean in C__Users_Soumyadipta_Desktop_Food App_FoodApp] INFO  o.eclipse.m2e.core.internal.Bundles - 	Entry: C:\sts-4.17.1.RELEASE\plugins\org.eclipse.m2e.maven.runtime_3.8.604.20221130-2149\jars\maven-resolver-impl-1.6.3.jar
2023-02-04 11:28:02,299 [Worker-23: Launching Executing clean in C__Users_Soumyadipta_Desktop_Food App_FoodApp] INFO  o.eclipse.m2e.core.internal.Bundles - 	Entry: C:\sts-4.17.1.RELEASE\plugins\org.eclipse.m2e.maven.runtime_3.8.604.20221130-2149\jars\maven-resolver-provider-3.8.6.jar
2023-02-04 11:28:02,299 [Worker-23: Launching Executing clean in C__Users_Soumyadipta_Desktop_Food App_FoodApp] INFO  o.eclipse.m2e.core.internal.Bundles - 	Entry: C:\sts-4.17.1.RELEASE\plugins\org.eclipse.m2e.maven.runtime_3.8.604.20221130-2149\jars\maven-resolver-spi-1.6.3.jar
2023-02-04 11:28:02,299 [Worker-23: Launching Executing clean in C__Users_Soumyadipta_Desktop_Food App_FoodApp] INFO  o.eclipse.m2e.core.internal.Bundles - 	Entry: C:\sts-4.17.1.RELEASE\plugins\org.eclipse.m2e.maven.runtime_3.8.604.20221130-2149\jars\maven-resolver-transport-wagon-1.6.3.jar
2023-02-04 11:28:02,299 [Worker-23: Launching Executing clean in C__Users_Soumyadipta_Desktop_Food App_FoodApp] INFO  o.eclipse.m2e.core.internal.Bundles - 	Entry: C:\sts-4.17.1.RELEASE\plugins\org.eclipse.m2e.maven.runtime_3.8.604.20221130-2149\jars\maven-resolver-util-1.6.3.jar
2023-02-04 11:28:02,299 [Worker-23: Launching Executing clean in C__Users_Soumyadipta_Desktop_Food App_FoodApp] INFO  o.eclipse.m2e.core.internal.Bundles - 	Entry: C:\sts-4.17.1.RELEASE\plugins\org.eclipse.m2e.maven.runtime_3.8.604.20221130-2149\jars\maven-settings-3.8.6.jar
2023-02-04 11:28:02,300 [Worker-23: Launching Executing clean in C__Users_Soumyadipta_Desktop_Food App_FoodApp] INFO  o.eclipse.m2e.core.internal.Bundles - 	Entry: C:\sts-4.17.1.RELEASE\plugins\org.eclipse.m2e.maven.runtime_3.8.604.20221130-2149\jars\maven-settings-builder-3.8.6.jar
2023-02-04 11:28:02,300 [Worker-23: Launching Executing clean in C__Users_Soumyadipta_Desktop_Food App_FoodApp] INFO  o.eclipse.m2e.core.internal.Bundles - 	Entry: C:\sts-4.17.1.RELEASE\plugins\org.eclipse.m2e.maven.runtime_3.8.604.20221130-2149\jars\maven-shared-utils-3.3.4.jar
2023-02-04 11:28:02,300 [Worker-23: Launching Executing clean in C__Users_Soumyadipta_Desktop_Food App_FoodApp] INFO  o.eclipse.m2e.core.internal.Bundles - 	Entry: C:\sts-4.17.1.RELEASE\plugins\org.eclipse.m2e.maven.runtime_3.8.604.20221130-2149\jars\okhttp-3.14.1.jar
2023-02-04 11:28:02,302 [Worker-23: Launching Executing clean in C__Users_Soumyadipta_Desktop_Food App_FoodApp] INFO  o.eclipse.m2e.core.internal.Bundles - 	Entry: C:\sts-4.17.1.RELEASE\plugins\org.eclipse.m2e.maven.runtime_3.8.604.20221130-2149\jars\okio-1.17.3.jar
2023-02-04 11:28:02,302 [Worker-23: Launching Executing clean in C__Users_Soumyadipta_Desktop_Food App_FoodApp] INFO  o.eclipse.m2e.core.internal.Bundles - 	Entry: C:\sts-4.17.1.RELEASE\plugins\org.eclipse.m2e.maven.runtime_3.8.604.20221130-2149\jars\org.eclipse.sisu.inject-0.3.5.jar
2023-02-04 11:28:02,302 [Worker-23: Launching Executing clean in C__Users_Soumyadipta_Desktop_Food App_FoodApp] INFO  o.eclipse.m2e.core.internal.Bundles - 	Entry: C:\sts-4.17.1.RELEASE\plugins\org.eclipse.m2e.maven.runtime_3.8.604.20221130-2149\jars\org.eclipse.sisu.plexus-0.3.5.jar
2023-02-04 11:28:02,302 [Worker-23: Launching Executing clean in C__Users_Soumyadipta_Desktop_Food App_FoodApp] INFO  o.eclipse.m2e.core.internal.Bundles - 	Entry: C:\sts-4.17.1.RELEASE\plugins\org.eclipse.m2e.maven.runtime_3.8.604.20221130-2149\jars\plexus-build-api-0.0.7.jar
2023-02-04 11:28:02,303 [Worker-23: Launching Executing clean in C__Users_Soumyadipta_Desktop_Food App_FoodApp] INFO  o.eclipse.m2e.core.internal.Bundles - 	Entry: C:\sts-4.17.1.RELEASE\plugins\org.eclipse.m2e.maven.runtime_3.8.604.20221130-2149\jars\plexus-cipher-2.0.jar
2023-02-04 11:28:02,303 [Worker-23: Launching Executing clean in C__Users_Soumyadipta_Desktop_Food App_FoodApp] INFO  o.eclipse.m2e.core.internal.Bundles - 	Entry: C:\sts-4.17.1.RELEASE\plugins\org.eclipse.m2e.maven.runtime_3.8.604.20221130-2149\jars\plexus-classworlds-2.6.0.jar
2023-02-04 11:28:02,303 [Worker-23: Launching Executing clean in C__Users_Soumyadipta_Desktop_Food App_FoodApp] INFO  o.eclipse.m2e.core.internal.Bundles - 	Entry: C:\sts-4.17.1.RELEASE\plugins\org.eclipse.m2e.maven.runtime_3.8.604.20221130-2149\jars\plexus-component-annotations-2.1.0.jar
2023-02-04 11:28:02,303 [Worker-23: Launching Executing clean in C__Users_Soumyadipta_Desktop_Food App_FoodApp] INFO  o.eclipse.m2e.core.internal.Bundles - 	Entry: C:\sts-4.17.1.RELEASE\plugins\org.eclipse.m2e.maven.runtime_3.8.604.20221130-2149\jars\plexus-interpolation-1.26.jar
2023-02-04 11:28:02,303 [Worker-23: Launching Executing clean in C__Users_Soumyadipta_Desktop_Food App_FoodApp] INFO  o.eclipse.m2e.core.internal.Bundles - 	Entry: C:\sts-4.17.1.RELEASE\plugins\org.eclipse.m2e.maven.runtime_3.8.604.20221130-2149\jars\plexus-sec-dispatcher-2.0.jar
2023-02-04 11:28:02,304 [Worker-23: Launching Executing clean in C__Users_Soumyadipta_Desktop_Food App_FoodApp] INFO  o.eclipse.m2e.core.internal.Bundles - 	Entry: C:\sts-4.17.1.RELEASE\plugins\org.eclipse.m2e.maven.runtime_3.8.604.20221130-2149\jars\plexus-utils-3.3.1.jar
2023-02-04 11:28:02,304 [Worker-23: Launching Executing clean in C__Users_Soumyadipta_Desktop_Food App_FoodApp] INFO  o.eclipse.m2e.core.internal.Bundles - 	Entry: C:\sts-4.17.1.RELEASE\plugins\org.eclipse.m2e.maven.runtime_3.8.604.20221130-2149\jars\wagon-file-3.5.1.jar
2023-02-04 11:28:02,304 [Worker-23: Launching Executing clean in C__Users_Soumyadipta_Desktop_Food App_FoodApp] INFO  o.eclipse.m2e.core.internal.Bundles - 	Entry: C:\sts-4.17.1.RELEASE\plugins\org.eclipse.m2e.maven.runtime_3.8.604.20221130-2149\jars\wagon-provider-api-3.5.1.jar
2023-02-04 11:28:02,306 [Worker-23: Launching Executing clean in C__Users_Soumyadipta_Desktop_Food App_FoodApp] INFO  o.eclipse.m2e.core.internal.Bundles - getClasspathEntries(Bundle=com.google.guava_30.1.0.v20221112-0806 [22])
2023-02-04 11:28:02,309 [Worker-23: Launching Executing clean in C__Users_Soumyadipta_Desktop_Food App_FoodApp] INFO  o.eclipse.m2e.core.internal.Bundles - 	Entry: C:\sts-4.17.1.RELEASE\plugins\com.google.guava_30.1.0.v20221112-0806.jar
2023-02-04 11:28:02,310 [Worker-23: Launching Executing clean in C__Users_Soumyadipta_Desktop_Food App_FoodApp] INFO  o.eclipse.m2e.core.internal.Bundles - getClasspathEntries(Bundle=slf4j.api_1.7.36 [584])
2023-02-04 11:28:02,311 [Worker-23: Launching Executing clean in C__Users_Soumyadipta_Desktop_Food App_FoodApp] INFO  o.eclipse.m2e.core.internal.Bundles - 	Entry: C:\sts-4.17.1.RELEASE\plugins\slf4j.api_1.7.36.jar
2023-02-04 11:28:02,312 [Worker-23: Launching Executing clean in C__Users_Soumyadipta_Desktop_Food App_FoodApp] INFO  o.eclipse.m2e.core.internal.Bundles - getClasspathEntries(Bundle=javax.inject_1.0.0.v20220405-0441 [49])
2023-02-04 11:28:02,314 [Worker-23: Launching Executing clean in C__Users_Soumyadipta_Desktop_Food App_FoodApp] INFO  o.eclipse.m2e.core.internal.Bundles - 	Entry: C:\sts-4.17.1.RELEASE\plugins\javax.inject_1.0.0.v20220405-0441.jar
2023-02-04 11:28:02,314 [Worker-23: Launching Executing clean in C__Users_Soumyadipta_Desktop_Food App_FoodApp] INFO  o.eclipse.m2e.core.internal.Bundles - getClasspathEntries(Bundle=javax.annotation_1.3.5.v20221112-0806 [47])
2023-02-04 11:28:02,316 [Worker-23: Launching Executing clean in C__Users_Soumyadipta_Desktop_Food App_FoodApp] INFO  o.eclipse.m2e.core.internal.Bundles - 	Entry: C:\sts-4.17.1.RELEASE\plugins\javax.annotation_1.3.5.v20221112-0806.jar
2023-02-04 11:28:02,323 [Worker-23: Launching Executing clean in C__Users_Soumyadipta_Desktop_Food App_FoodApp] INFO  o.e.m.i.launch.MavenLaunchDelegate - Run build in "C:\Users\Soumyadipta\Desktop\Food App\FoodApp":
2023-02-04 11:28:02,324 [Worker-23: Launching Executing clean in C__Users_Soumyadipta_Desktop_Food App_FoodApp] INFO  o.e.m.i.launch.MavenLaunchDelegate -  mvn  -Ppom.xml -B -Dstyle.color=always clean
2023-02-04 11:28:17,337 [Worker-11: Launching Executing install in C__Users_Soumyadipta_Desktop_Food App_FoodApp] INFO  o.e.m.i.launch.MavenLaunchDelegate - Run build in "C:\Users\Soumyadipta\Desktop\Food App\FoodApp":
2023-02-04 11:28:17,337 [Worker-11: Launching Executing install in C__Users_Soumyadipta_Desktop_Food App_FoodApp] INFO  o.e.m.i.launch.MavenLaunchDelegate -  mvn  -Ppom.xml -B -Dstyle.color=always install
2023-02-08 10:11:15,302 [Worker-5: Loading available Gradle versions] INFO  o.e.b.c.i.u.g.PublishedGradleVersions - Gradle version information cache is out-of-date. Trying to update.
2023-02-08 10:16:08,284 [Worker-12: Building] INFO  o.a.m.s.f.DefaultMavenResourcesFiltering - Copying 1 resource
2023-02-08 10:16:08,331 [Worker-12: Building] INFO  o.a.m.s.f.DefaultMavenResourcesFiltering - Copying 0 resource
2023-02-08 10:16:08,340 [Worker-12: Building] INFO  o.a.m.s.f.DefaultMavenResourcesFiltering - skip non existing resourceDirectory C:\Users\Soumyadipta\Desktop\Food App\FoodApp\src\test\resources
2023-02-08 10:16:10,520 [Worker-13: Building] INFO  o.a.m.s.f.DefaultMavenResourcesFiltering - Copying 0 resource
2023-02-08 10:16:10,521 [Worker-13: Building] INFO  o.a.m.s.f.DefaultMavenResourcesFiltering - Copying 0 resource
2023-02-08 10:16:10,526 [Worker-13: Building] INFO  o.a.m.s.f.DefaultMavenResourcesFiltering - skip non existing resourceDirectory C:\Users\Soumyadipta\Desktop\Food App\FoodApp\src\test\resources
2023-02-08 10:16:27,842 [Worker-5: Building] INFO  o.a.m.s.f.DefaultMavenResourcesFiltering - Copying 0 resource
2023-02-08 10:16:27,843 [Worker-5: Building] INFO  o.a.m.s.f.DefaultMavenResourcesFiltering - Copying 0 resource
2023-02-08 10:16:27,850 [Worker-5: Building] INFO  o.a.m.s.f.DefaultMavenResourcesFiltering - skip non existing resourceDirectory C:\Users\Soumyadipta\Desktop\Food App\FoodApp\src\test\resources
2023-02-08 10:24:21,983 [Worker-16: Building] INFO  o.a.m.s.f.DefaultMavenResourcesFiltering - Copying 1 resource
2023-02-08 10:24:22,002 [Worker-16: Building] INFO  o.a.m.s.f.DefaultMavenResourcesFiltering - Copying 0 resource
2023-02-08 10:24:22,011 [Worker-16: Building] INFO  o.a.m.s.f.DefaultMavenResourcesFiltering - skip non existing resourceDirectory C:\Users\Soumyadipta\Desktop\Food App\FoodApp\src\test\resources
2023-02-08 10:34:14,384 [Worker-20: Building] INFO  o.a.m.s.f.DefaultMavenResourcesFiltering - Copying 0 resource
2023-02-08 10:34:14,384 [Worker-20: Building] INFO  o.a.m.s.f.DefaultMavenResourcesFiltering - Copying 0 resource
2023-02-08 10:34:14,389 [Worker-20: Building] INFO  o.a.m.s.f.DefaultMavenResourcesFiltering - skip non existing resourceDirectory C:\Users\Soumyadipta\Desktop\Food App\FoodApp\src\test\resources
2023-02-08 10:34:37,740 [Worker-14: Building] INFO  o.a.m.s.f.DefaultMavenResourcesFiltering - Copying 0 resource
2023-02-08 10:34:37,741 [Worker-14: Building] INFO  o.a.m.s.f.DefaultMavenResourcesFiltering - Copying 0 resource
2023-02-08 10:34:37,747 [Worker-14: Building] INFO  o.a.m.s.f.DefaultMavenResourcesFiltering - skip non existing resourceDirectory C:\Users\Soumyadipta\Desktop\Food App\FoodApp\src\test\resources
2023-02-08 10:49:32,652 [Worker-22: Building] INFO  o.a.m.s.f.DefaultMavenResourcesFiltering - Copying 0 resource
2023-02-08 10:49:32,653 [Worker-22: Building] INFO  o.a.m.s.f.DefaultMavenResourcesFiltering - Copying 0 resource
2023-02-08 10:49:32,657 [Worker-22: Building] INFO  o.a.m.s.f.DefaultMavenResourcesFiltering - skip non existing resourceDirectory C:\Users\Soumyadipta\Desktop\Food App\FoodApp\src\test\resources
2023-02-08 10:52:43,654 [Worker-26: Building] INFO  o.a.m.s.f.DefaultMavenResourcesFiltering - Copying 0 resource
2023-02-08 10:52:43,654 [Worker-26: Building] INFO  o.a.m.s.f.DefaultMavenResourcesFiltering - Copying 0 resource
2023-02-08 10:52:43,662 [Worker-26: Building] INFO  o.a.m.s.f.DefaultMavenResourcesFiltering - skip non existing resourceDirectory C:\Users\Soumyadipta\Desktop\Food App\FoodApp\src\test\resources
2023-02-08 10:52:46,776 [Worker-21: Building] INFO  o.a.m.s.f.DefaultMavenResourcesFiltering - Copying 0 resource
2023-02-08 10:52:46,776 [Worker-21: Building] INFO  o.a.m.s.f.DefaultMavenResourcesFiltering - Copying 0 resource
2023-02-08 10:52:46,780 [Worker-21: Building] INFO  o.a.m.s.f.DefaultMavenResourcesFiltering - skip non existing resourceDirectory C:\Users\Soumyadipta\Desktop\Food App\FoodApp\src\test\resources
2023-02-08 10:55:07,531 [Worker-26: Building] INFO  o.a.m.s.f.DefaultMavenResourcesFiltering - Copying 0 resource
2023-02-08 10:55:07,532 [Worker-26: Building] INFO  o.a.m.s.f.DefaultMavenResourcesFiltering - Copying 0 resource
2023-02-08 10:55:07,538 [Worker-26: Building] INFO  o.a.m.s.f.DefaultMavenResourcesFiltering - skip non existing resourceDirectory C:\Users\Soumyadipta\Desktop\Food App\FoodApp\src\test\resources
2023-02-08 10:56:21,699 [Worker-27: Building] INFO  o.a.m.s.f.DefaultMavenResourcesFiltering - Copying 0 resource
2023-02-08 10:56:21,700 [Worker-27: Building] INFO  o.a.m.s.f.DefaultMavenResourcesFiltering - Copying 0 resource
2023-02-08 10:56:21,704 [Worker-27: Building] INFO  o.a.m.s.f.DefaultMavenResourcesFiltering - skip non existing resourceDirectory C:\Users\Soumyadipta\Desktop\Food App\FoodApp\src\test\resources
2023-02-08 10:58:19,050 [Worker-23: Building] INFO  o.a.m.s.f.DefaultMavenResourcesFiltering - Copying 0 resource
2023-02-08 10:58:19,051 [Worker-23: Building] INFO  o.a.m.s.f.DefaultMavenResourcesFiltering - Copying 0 resource
2023-02-08 10:58:19,056 [Worker-23: Building] INFO  o.a.m.s.f.DefaultMavenResourcesFiltering - skip non existing resourceDirectory C:\Users\Soumyadipta\Desktop\Food App\FoodApp\src\test\resources
2023-02-08 11:02:27,439 [Worker-29: Building] INFO  o.a.m.s.f.DefaultMavenResourcesFiltering - Copying 0 resource
2023-02-08 11:02:27,440 [Worker-29: Building] INFO  o.a.m.s.f.DefaultMavenResourcesFiltering - Copying 0 resource
2023-02-08 11:02:27,446 [Worker-29: Building] INFO  o.a.m.s.f.DefaultMavenResourcesFiltering - skip non existing resourceDirectory C:\Users\Soumyadipta\Desktop\Food App\FoodApp\src\test\resources
2023-02-08 11:02:47,060 [Worker-30: Building] INFO  o.a.m.s.f.DefaultMavenResourcesFiltering - Copying 0 resource
2023-02-08 11:02:47,062 [Worker-30: Building] INFO  o.a.m.s.f.DefaultMavenResourcesFiltering - Copying 0 resource
2023-02-08 11:02:47,068 [Worker-30: Building] INFO  o.a.m.s.f.DefaultMavenResourcesFiltering - skip non existing resourceDirectory C:\Users\Soumyadipta\Desktop\Food App\FoodApp\src\test\resources
2023-02-08 11:03:05,127 [Worker-31: Building] INFO  o.a.m.s.f.DefaultMavenResourcesFiltering - Copying 0 resource
2023-02-08 11:03:05,128 [Worker-31: Building] INFO  o.a.m.s.f.DefaultMavenResourcesFiltering - Copying 0 resource
2023-02-08 11:03:05,134 [Worker-31: Building] INFO  o.a.m.s.f.DefaultMavenResourcesFiltering - skip non existing resourceDirectory C:\Users\Soumyadipta\Desktop\Food App\FoodApp\src\test\resources
2023-02-08 11:23:34,696 [Worker-34: Building] INFO  o.a.m.s.f.DefaultMavenResourcesFiltering - Copying 1 resource
2023-02-08 11:23:34,710 [Worker-34: Building] INFO  o.a.m.s.f.DefaultMavenResourcesFiltering - Copying 0 resource
2023-02-08 11:23:34,716 [Worker-34: Building] INFO  o.a.m.s.f.DefaultMavenResourcesFiltering - skip non existing resourceDirectory C:\Users\Soumyadipta\Desktop\Food App\FoodApp\src\test\resources
2023-02-08 11:30:40,165 [Worker-27: Building] INFO  o.a.m.s.f.DefaultMavenResourcesFiltering - Copying 0 resource
2023-02-08 11:30:40,167 [Worker-27: Building] INFO  o.a.m.s.f.DefaultMavenResourcesFiltering - Copying 0 resource
2023-02-08 11:30:40,170 [Worker-27: Building] INFO  o.a.m.s.f.DefaultMavenResourcesFiltering - skip non existing resourceDirectory C:\Users\Soumyadipta\Desktop\Food App\FoodApp\src\test\resources
2023-02-08 11:31:10,902 [Worker-39: Building] INFO  o.a.m.s.f.DefaultMavenResourcesFiltering - Copying 1 resource
2023-02-08 11:31:10,923 [Worker-39: Building] INFO  o.a.m.s.f.DefaultMavenResourcesFiltering - Copying 0 resource
2023-02-08 11:31:10,931 [Worker-39: Building] INFO  o.a.m.s.f.DefaultMavenResourcesFiltering - skip non existing resourceDirectory C:\Users\Soumyadipta\Desktop\Food App\FoodApp\src\test\resources
2023-02-08 11:35:49,962 [Worker-44: Building] INFO  o.a.m.s.f.DefaultMavenResourcesFiltering - Copying 1 resource
2023-02-08 11:35:49,978 [Worker-44: Building] INFO  o.a.m.s.f.DefaultMavenResourcesFiltering - Copying 0 resource
2023-02-08 11:35:49,985 [Worker-44: Building] INFO  o.a.m.s.f.DefaultMavenResourcesFiltering - skip non existing resourceDirectory C:\Users\Soumyadipta\Desktop\Food App\FoodApp\src\test\resources
2023-02-08 11:39:15,328 [Worker-39: Building] INFO  o.a.m.s.f.DefaultMavenResourcesFiltering - Copying 1 resource
2023-02-08 11:39:15,339 [Worker-39: Building] INFO  o.a.m.s.f.DefaultMavenResourcesFiltering - Copying 0 resource
2023-02-08 11:39:15,344 [Worker-39: Building] INFO  o.a.m.s.f.DefaultMavenResourcesFiltering - skip non existing resourceDirectory C:\Users\Soumyadipta\Desktop\Food App\FoodApp\src\test\resources
2023-02-08 11:42:16,165 [Worker-47: Building] INFO  o.a.m.s.f.DefaultMavenResourcesFiltering - Copying 1 resource
2023-02-08 11:42:16,188 [Worker-47: Building] INFO  o.a.m.s.f.DefaultMavenResourcesFiltering - Copying 0 resource
2023-02-08 11:42:16,193 [Worker-47: Building] INFO  o.a.m.s.f.DefaultMavenResourcesFiltering - skip non existing resourceDirectory C:\Users\Soumyadipta\Desktop\Food App\FoodApp\src\test\resources
2023-02-08 11:45:21,517 [Worker-46: Building] INFO  o.a.m.s.f.DefaultMavenResourcesFiltering - Copying 1 resource
2023-02-08 11:45:21,533 [Worker-46: Building] INFO  o.a.m.s.f.DefaultMavenResourcesFiltering - Copying 0 resource
2023-02-08 11:45:21,543 [Worker-46: Building] INFO  o.a.m.s.f.DefaultMavenResourcesFiltering - skip non existing resourceDirectory C:\Users\Soumyadipta\Desktop\Food App\FoodApp\src\test\resources
2023-02-08 11:46:30,650 [Worker-39: Building] INFO  o.a.m.s.f.DefaultMavenResourcesFiltering - Copying 1 resource
2023-02-08 11:46:30,661 [Worker-39: Building] INFO  o.a.m.s.f.DefaultMavenResourcesFiltering - Copying 0 resource
2023-02-08 11:46:30,666 [Worker-39: Building] INFO  o.a.m.s.f.DefaultMavenResourcesFiltering - skip non existing resourceDirectory C:\Users\Soumyadipta\Desktop\Food App\FoodApp\src\test\resources
2023-02-08 11:46:36,317 [Worker-46: Building] INFO  o.a.m.s.f.DefaultMavenResourcesFiltering - Copying 1 resource
2023-02-08 11:46:36,326 [Worker-46: Building] INFO  o.a.m.s.f.DefaultMavenResourcesFiltering - Copying 0 resource
2023-02-08 11:46:36,330 [Worker-46: Building] INFO  o.a.m.s.f.DefaultMavenResourcesFiltering - skip non existing resourceDirectory C:\Users\Soumyadipta\Desktop\Food App\FoodApp\src\test\resources
2023-02-08 11:49:00,006 [Worker-47: Building] INFO  o.a.m.s.f.DefaultMavenResourcesFiltering - Copying 1 resource
2023-02-08 11:49:00,026 [Worker-47: Building] INFO  o.a.m.s.f.DefaultMavenResourcesFiltering - Copying 0 resource
2023-02-08 11:49:00,034 [Worker-47: Building] INFO  o.a.m.s.f.DefaultMavenResourcesFiltering - skip non existing resourceDirectory C:\Users\Soumyadipta\Desktop\Food App\FoodApp\src\test\resources
2023-02-08 11:50:05,449 [Worker-48: Building] INFO  o.a.m.s.f.DefaultMavenResourcesFiltering - Copying 1 resource
2023-02-08 11:50:05,461 [Worker-48: Building] INFO  o.a.m.s.f.DefaultMavenResourcesFiltering - Copying 0 resource
2023-02-08 11:50:05,466 [Worker-48: Building] INFO  o.a.m.s.f.DefaultMavenResourcesFiltering - skip non existing resourceDirectory C:\Users\Soumyadipta\Desktop\Food App\FoodApp\src\test\resources
2023-02-08 11:50:35,032 [Worker-47: Building] INFO  o.a.m.s.f.DefaultMavenResourcesFiltering - Copying 1 resource
2023-02-08 11:50:35,044 [Worker-47: Building] INFO  o.a.m.s.f.DefaultMavenResourcesFiltering - Copying 0 resource
2023-02-08 11:50:35,049 [Worker-47: Building] INFO  o.a.m.s.f.DefaultMavenResourcesFiltering - skip non existing resourceDirectory C:\Users\Soumyadipta\Desktop\Food App\FoodApp\src\test\resources
2023-02-08 11:52:55,003 [Worker-49: Building] INFO  o.a.m.s.f.DefaultMavenResourcesFiltering - Copying 1 resource
2023-02-08 11:52:55,041 [Worker-49: Building] INFO  o.a.m.s.f.DefaultMavenResourcesFiltering - Copying 0 resource
2023-02-08 11:52:55,051 [Worker-49: Building] INFO  o.a.m.s.f.DefaultMavenResourcesFiltering - skip non existing resourceDirectory C:\Users\Soumyadipta\Desktop\Food App\FoodApp\src\test\resources
2023-02-08 11:55:49,863 [Worker-51: Building] INFO  o.a.m.s.f.DefaultMavenResourcesFiltering - Copying 1 resource
2023-02-08 11:55:49,873 [Worker-51: Building] INFO  o.a.m.s.f.DefaultMavenResourcesFiltering - Copying 0 resource
2023-02-08 11:55:49,878 [Worker-51: Building] INFO  o.a.m.s.f.DefaultMavenResourcesFiltering - skip non existing resourceDirectory C:\Users\Soumyadipta\Desktop\Food App\FoodApp\src\test\resources
2023-02-09 10:15:41,173 [Worker-62: Building] INFO  o.a.m.s.f.DefaultMavenResourcesFiltering - Copying 1 resource
2023-02-09 10:15:41,310 [Worker-62: Building] INFO  o.a.m.s.f.DefaultMavenResourcesFiltering - Copying 0 resource
2023-02-09 10:15:41,315 [Worker-62: Building] INFO  o.a.m.s.f.DefaultMavenResourcesFiltering - skip non existing resourceDirectory C:\Users\Soumyadipta\Desktop\Food App\FoodApp\src\test\resources
2023-02-12 12:42:55,299 [Worker-6: Loading available Gradle versions] INFO  o.e.b.c.i.u.g.PublishedGradleVersions - Gradle version information cache is out-of-date. Trying to update.
2023-02-12 12:42:55,946 [Worker-6: Loading available Gradle versions] INFO  o.e.b.c.i.u.g.PublishedGradleVersions - Updating Gradle version information cache failed. Using outdated cache.
2023-02-12 12:43:02,241 [Worker-1: Building] INFO  o.a.m.s.f.DefaultMavenResourcesFiltering - Copying 1 resource
2023-02-12 12:43:02,263 [Worker-1: Building] INFO  o.a.m.s.f.DefaultMavenResourcesFiltering - Copying 0 resource
2023-02-12 12:43:02,267 [Worker-1: Building] INFO  o.a.m.s.f.DefaultMavenResourcesFiltering - skip non existing resourceDirectory C:\Users\Soumyadipta\Desktop\Food App\FoodApp\src\test\resources
2023-02-13 13:58:29,349 [Worker-2: Loading available Gradle versions] INFO  o.e.b.c.i.u.g.PublishedGradleVersions - Gradle version information cache is up-to-date. Trying to read.
2023-02-13 14:01:18,981 [Worker-7: Building] INFO  o.a.m.s.f.DefaultMavenResourcesFiltering - Copying 1 resource
2023-02-13 14:01:19,037 [Worker-7: Building] INFO  o.a.m.s.f.DefaultMavenResourcesFiltering - Copying 0 resource
2023-02-13 14:01:19,047 [Worker-7: Building] INFO  o.a.m.s.f.DefaultMavenResourcesFiltering - skip non existing resourceDirectory C:\Users\Soumyadipta\Desktop\Food App\FoodApp\src\test\resources
2023-02-13 14:01:30,917 [Worker-12: Building] INFO  o.a.m.s.f.DefaultMavenResourcesFiltering - Copying 1 resource
2023-02-13 14:01:30,956 [Worker-12: Building] INFO  o.a.m.s.f.DefaultMavenResourcesFiltering - Copying 0 resource
2023-02-13 14:01:30,965 [Worker-12: Building] INFO  o.a.m.s.f.DefaultMavenResourcesFiltering - skip non existing resourceDirectory C:\Users\Soumyadipta\Desktop\Food App\FoodApp\src\test\resources
2023-02-13 14:09:40,838 [Worker-13: Building] INFO  o.a.m.s.f.DefaultMavenResourcesFiltering - Copying 1 resource
2023-02-13 14:09:40,853 [Worker-13: Building] INFO  o.a.m.s.f.DefaultMavenResourcesFiltering - Copying 0 resource
2023-02-13 14:09:40,876 [Worker-13: Building] INFO  o.a.m.s.f.DefaultMavenResourcesFiltering - skip non existing resourceDirectory C:\Users\Soumyadipta\Desktop\Food App\FoodApp\src\test\resources
2023-02-13 14:09:52,583 [Worker-13: Building] INFO  o.a.m.s.f.DefaultMavenResourcesFiltering - Copying 1 resource
2023-02-13 14:09:52,620 [Worker-13: Building] INFO  o.a.m.s.f.DefaultMavenResourcesFiltering - Copying 0 resource
2023-02-13 14:09:52,628 [Worker-13: Building] INFO  o.a.m.s.f.DefaultMavenResourcesFiltering - skip non existing resourceDirectory C:\Users\Soumyadipta\Desktop\Food App\FoodApp\src\test\resources
2023-02-13 14:19:27,757 [Worker-20: Building] INFO  o.a.m.s.f.DefaultMavenResourcesFiltering - Copying 1 resource
2023-02-13 14:19:27,774 [Worker-20: Building] INFO  o.a.m.s.f.DefaultMavenResourcesFiltering - Copying 0 resource
2023-02-13 14:19:27,782 [Worker-20: Building] INFO  o.a.m.s.f.DefaultMavenResourcesFiltering - skip non existing resourceDirectory C:\Users\Soumyadipta\Desktop\Food App\FoodApp\src\test\resources
2023-05-15 16:22:05,576 [Worker-5: Loading available Gradle versions] INFO  o.e.b.c.i.u.g.PublishedGradleVersions - Gradle version information cache is up-to-date. Trying to read.
2023-05-15 19:31:12,364 [Worker-21: Building] INFO  o.a.m.s.f.DefaultMavenResourcesFiltering - Copying 1 resource
2023-05-15 19:31:12,391 [Worker-21: Building] INFO  o.a.m.s.f.DefaultMavenResourcesFiltering - Copying 0 resource
2023-05-15 19:31:12,397 [Worker-21: Building] INFO  o.a.m.s.f.DefaultMavenResourcesFiltering - skip non existing resourceDirectory C:\Users\Soumyadipta\Desktop\Food App\FoodApp\src\test\resources
2023-05-15 19:31:18,871 [Worker-23: Building] INFO  o.a.m.s.f.DefaultMavenResourcesFiltering - Copying 0 resource
2023-05-15 19:31:18,873 [Worker-23: Building] INFO  o.a.m.s.f.DefaultMavenResourcesFiltering - Copying 0 resource
2023-05-15 19:31:18,877 [Worker-23: Building] INFO  o.a.m.s.f.DefaultMavenResourcesFiltering - skip non existing resourceDirectory C:\Users\Soumyadipta\Desktop\Food App\FoodApp\src\test\resources
2023-05-15 19:31:31,421 [Worker-24: Building] INFO  o.a.m.s.f.DefaultMavenResourcesFiltering - Copying 0 resource
2023-05-15 19:31:31,421 [Worker-24: Building] INFO  o.a.m.s.f.DefaultMavenResourcesFiltering - Copying 0 resource
2023-05-15 19:31:31,424 [Worker-24: Building] INFO  o.a.m.s.f.DefaultMavenResourcesFiltering - skip non existing resourceDirectory C:\Users\Soumyadipta\Desktop\Food App\FoodApp\src\test\resources
2023-05-15 19:34:09,994 [Worker-25: Building] INFO  o.a.m.s.f.DefaultMavenResourcesFiltering - Copying 0 resource
2023-05-15 19:34:09,994 [Worker-25: Building] INFO  o.a.m.s.f.DefaultMavenResourcesFiltering - Copying 0 resource
2023-05-15 19:34:09,997 [Worker-25: Building] INFO  o.a.m.s.f.DefaultMavenResourcesFiltering - skip non existing resourceDirectory C:\Users\Soumyadipta\Desktop\Food App\FoodApp\src\test\resources
2023-05-15 19:34:12,870 [Worker-25: Building] INFO  o.a.m.s.f.DefaultMavenResourcesFiltering - Copying 0 resource
2023-05-15 19:34:12,871 [Worker-25: Building] INFO  o.a.m.s.f.DefaultMavenResourcesFiltering - Copying 0 resource
2023-05-15 19:34:12,873 [Worker-25: Building] INFO  o.a.m.s.f.DefaultMavenResourcesFiltering - skip non existing resourceDirectory C:\Users\Soumyadipta\Desktop\Food App\FoodApp\src\test\resources
2023-05-15 19:54:11,485 [Worker-27: Building] INFO  o.a.m.s.f.DefaultMavenResourcesFiltering - Copying 0 resource
2023-05-15 19:54:11,486 [Worker-27: Building] INFO  o.a.m.s.f.DefaultMavenResourcesFiltering - Copying 0 resource
2023-05-15 19:54:11,489 [Worker-27: Building] INFO  o.a.m.s.f.DefaultMavenResourcesFiltering - skip non existing resourceDirectory C:\Users\Soumyadipta\Desktop\Food App\FoodApp\src\test\resources
2023-05-15 19:54:28,947 [Worker-28: Building] INFO  o.a.m.s.f.DefaultMavenResourcesFiltering - Copying 0 resource
2023-05-15 19:54:28,948 [Worker-28: Building] INFO  o.a.m.s.f.DefaultMavenResourcesFiltering - Copying 0 resource
2023-05-15 19:54:28,951 [Worker-28: Building] INFO  o.a.m.s.f.DefaultMavenResourcesFiltering - skip non existing resourceDirectory C:\Users\Soumyadipta\Desktop\Food App\FoodApp\src\test\resources
2023-05-15 19:54:50,135 [Worker-27: Building] INFO  o.a.m.s.f.DefaultMavenResourcesFiltering - Copying 0 resource
2023-05-15 19:54:50,135 [Worker-27: Building] INFO  o.a.m.s.f.DefaultMavenResourcesFiltering - Copying 0 resource
2023-05-15 19:54:50,140 [Worker-27: Building] INFO  o.a.m.s.f.DefaultMavenResourcesFiltering - skip non existing resourceDirectory C:\Users\Soumyadipta\Desktop\Food App\FoodApp\src\test\resources
2023-05-15 19:55:01,749 [Worker-16: Building] INFO  o.a.m.s.f.DefaultMavenResourcesFiltering - Copying 0 resource
2023-05-15 19:55:01,750 [Worker-16: Building] INFO  o.a.m.s.f.DefaultMavenResourcesFiltering - Copying 0 resource
2023-05-15 19:55:01,752 [Worker-16: Building] INFO  o.a.m.s.f.DefaultMavenResourcesFiltering - skip non existing resourceDirectory C:\Users\Soumyadipta\Desktop\Food App\FoodApp\src\test\resources
2023-05-15 19:57:09,024 [Worker-26: Building] INFO  o.a.m.s.f.DefaultMavenResourcesFiltering - Copying 0 resource
2023-05-15 19:57:09,024 [Worker-26: Building] INFO  o.a.m.s.f.DefaultMavenResourcesFiltering - Copying 0 resource
2023-05-15 19:57:09,027 [Worker-26: Building] INFO  o.a.m.s.f.DefaultMavenResourcesFiltering - skip non existing resourceDirectory C:\Users\Soumyadipta\Desktop\Food App\FoodApp\src\test\resources
2023-05-15 19:57:10,094 [Worker-16: Building] INFO  o.a.m.s.f.DefaultMavenResourcesFiltering - Copying 0 resource
2023-05-15 19:57:10,094 [Worker-16: Building] INFO  o.a.m.s.f.DefaultMavenResourcesFiltering - Copying 0 resource
2023-05-15 19:57:10,097 [Worker-16: Building] INFO  o.a.m.s.f.DefaultMavenResourcesFiltering - skip non existing resourceDirectory C:\Users\Soumyadipta\Desktop\Food App\FoodApp\src\test\resources
2023-05-15 19:57:27,107 [Worker-27: Building] INFO  o.a.m.s.f.DefaultMavenResourcesFiltering - Copying 0 resource
2023-05-15 19:57:27,107 [Worker-27: Building] INFO  o.a.m.s.f.DefaultMavenResourcesFiltering - Copying 0 resource
2023-05-15 19:57:27,111 [Worker-27: Building] INFO  o.a.m.s.f.DefaultMavenResourcesFiltering - skip non existing resourceDirectory C:\Users\Soumyadipta\Desktop\Food App\FoodApp\src\test\resources
2023-05-15 20:09:41,879 [Worker-29: Building] INFO  o.a.m.s.f.DefaultMavenResourcesFiltering - Copying 0 resource
2023-05-15 20:09:41,879 [Worker-29: Building] INFO  o.a.m.s.f.DefaultMavenResourcesFiltering - Copying 0 resource
2023-05-15 20:09:41,882 [Worker-29: Building] INFO  o.a.m.s.f.DefaultMavenResourcesFiltering - skip non existing resourceDirectory C:\Users\Soumyadipta\Desktop\Food App\FoodApp\src\test\resources
2023-05-15 20:09:59,519 [Worker-31: Building] INFO  o.a.m.s.f.DefaultMavenResourcesFiltering - Copying 0 resource
2023-05-15 20:09:59,519 [Worker-31: Building] INFO  o.a.m.s.f.DefaultMavenResourcesFiltering - Copying 0 resource
2023-05-15 20:09:59,522 [Worker-31: Building] INFO  o.a.m.s.f.DefaultMavenResourcesFiltering - skip non existing resourceDirectory C:\Users\Soumyadipta\Desktop\Food App\FoodApp\src\test\resources
2023-05-15 20:10:09,622 [Worker-16: Building] INFO  o.a.m.s.f.DefaultMavenResourcesFiltering - Copying 0 resource
2023-05-15 20:10:09,622 [Worker-16: Building] INFO  o.a.m.s.f.DefaultMavenResourcesFiltering - Copying 0 resource
2023-05-15 20:10:09,625 [Worker-16: Building] INFO  o.a.m.s.f.DefaultMavenResourcesFiltering - skip non existing resourceDirectory C:\Users\Soumyadipta\Desktop\Food App\FoodApp\src\test\resources
2023-05-15 20:13:36,601 [Worker-16: Building] INFO  o.a.m.s.f.DefaultMavenResourcesFiltering - Copying 0 resource
2023-05-15 20:13:36,601 [Worker-16: Building] INFO  o.a.m.s.f.DefaultMavenResourcesFiltering - Copying 0 resource
2023-05-15 20:13:36,607 [Worker-16: Building] INFO  o.a.m.s.f.DefaultMavenResourcesFiltering - skip non existing resourceDirectory C:\Users\Soumyadipta\Desktop\Food App\FoodApp\src\test\resources
2023-05-15 20:13:39,273 [Worker-16: Building] INFO  o.a.m.s.f.DefaultMavenResourcesFiltering - Copying 0 resource
2023-05-15 20:13:39,273 [Worker-16: Building] INFO  o.a.m.s.f.DefaultMavenResourcesFiltering - Copying 0 resource
2023-05-15 20:13:39,275 [Worker-16: Building] INFO  o.a.m.s.f.DefaultMavenResourcesFiltering - skip non existing resourceDirectory C:\Users\Soumyadipta\Desktop\Food App\FoodApp\src\test\resources
2023-05-15 20:13:55,897 [Worker-32: Building] INFO  o.a.m.s.f.DefaultMavenResourcesFiltering - Copying 0 resource
2023-05-15 20:13:55,898 [Worker-32: Building] INFO  o.a.m.s.f.DefaultMavenResourcesFiltering - Copying 0 resource
2023-05-15 20:13:55,900 [Worker-32: Building] INFO  o.a.m.s.f.DefaultMavenResourcesFiltering - skip non existing resourceDirectory C:\Users\Soumyadipta\Desktop\Food App\FoodApp\src\test\resources
2023-05-15 20:14:17,563 [Worker-5: Loading available Gradle versions] INFO  o.e.b.c.i.u.g.PublishedGradleVersions - Gradle version information cache is up-to-date. Trying to read.
